<?xml version="1.0" encoding="UTF-8"?>
<!-- Generated by org.testng.reporters.JUnitXMLReporter -->
<testsuite ignored="0" hostname="Ashutoshs-MacBook-Air.local" failures="0" tests="3" name="Add to Cart and Checkout Test" time="13.178" errors="0" timestamp="2025-05-30T18:53:31 IST">
  <testcase classname="com.bookcart.tests.CheckoutTest" name="searchProduct" time="0.145"/>
  <testcase classname="com.bookcart.tests.CheckoutTest" name="addToCartAndGoToCart" time="4.109"/>
  <testcase classname="com.bookcart.tests.CheckoutTest" name="proceedToCheckout" time="2.061"/>
</testsuite> <!-- Add to Cart and Checkout Test -->
