<?xml version="1.0" encoding="UTF-8"?>
<!-- Generated by org.testng.reporters.JUnitXMLReporter -->
<testsuite ignored="0" hostname="Ashutoshs-MacBook-Air.local" failures="2" tests="3" name="Full Checkout Flow" time="5.506" errors="0" timestamp="2025-05-30T18:42:37 IST">
  <testcase classname="com.bookcart.tests.SearchTest" name="searchHarryPotterBook" time="0.174"/>
  <testcase classname="com.bookcart.tests.CartTest" name="addToCart" time="0.069">
    <failure type="java.lang.AssertionError" message="Cart page should be displayed expected [true] but found [false]">
      <![CDATA[java.lang.AssertionError: Cart page should be displayed expected [true] but found [false]
at com.bookcart.tests.CartTest.addToCart(CartTest.java:15)
at java.base/java.util.ArrayList.forEach(ArrayList.java:1596)
... Removed 28 stack frames]]>
    </failure>
  </testcase> <!-- addToCart -->
  <testcase classname="com.bookcart.tests.CheckoutTest" name="proceedToCheckout" time="0.041">
    <failure type="java.lang.AssertionError" message="Checkout page should be displayed expected [true] but found [false]">
      <![CDATA[java.lang.AssertionError: Checkout page should be displayed expected [true] but found [false]
at com.bookcart.tests.CheckoutTest.proceedToCheckout(CheckoutTest.java:14)
at java.base/java.util.ArrayList.forEach(ArrayList.java:1596)
... Removed 28 stack frames]]>
    </failure>
  </testcase> <!-- proceedToCheckout -->
</testsuite> <!-- Full Checkout Flow -->
